file mkdir ./Synth
file delete -force ./Synth/Static
file mkdir ./Synth/Static
puts "#HD: Running synthesis for block Static"
create_project -in_memory -part xczu2eg-sfva625-1-e > ./Synth/Static/create_project.log
set_property source_mgmt_mode All [current_project]
add_files ./Sources/hdl/top/top.v
synth_design -mode default -flatten_hierarchy rebuilt -top top -part xczu2eg-sfva625-1-e > ./Synth/Static/top_synth_design.rds
write_checkpoint -force ./Synth/Static/top_synth.dcp > ./Synth/Static/write_checkpoint.log
report_utilization -file ./Synth/Static/top_utilization_synth.rpt > ./Synth/Static/temp.log
close_project
puts "#HD: Synthesis of module Static complete\n"
file mkdir ./Synth
file delete -force ./Synth/left
file mkdir ./Synth/left
puts "#HD: Running synthesis for block left"
create_project -in_memory -part xczu2eg-sfva625-1-e > ./Synth/left/create_project.log
set_property source_mgmt_mode All [current_project]
add_files ./Sources/hdl/left/left.v
synth_design -mode out_of_context -flatten_hierarchy rebuilt -top shift_l -part xczu2eg-sfva625-1-e > ./Synth/left/shift_l_synth_design.rds
write_checkpoint -force ./Synth/left/shift_l_synth.dcp > ./Synth/left/write_checkpoint.log
report_utilization -file ./Synth/left/shift_l_utilization_synth.rpt > ./Synth/left/temp.log
close_project
puts "#HD: Synthesis of module left complete\n"
file mkdir ./Synth
file delete -force ./Synth/left_slow
file mkdir ./Synth/left_slow
puts "#HD: Running synthesis for block left_slow"
create_project -in_memory -part xczu2eg-sfva625-1-e > ./Synth/left_slow/create_project.log
set_property source_mgmt_mode All [current_project]
add_files ./Sources/hdl/left_slow/left_slow.v
synth_design -mode out_of_context -flatten_hierarchy rebuilt -top shift_l -part xczu2eg-sfva625-1-e > ./Synth/left_slow/shift_l_synth_design.rds
write_checkpoint -force ./Synth/left_slow/shift_l_synth.dcp > ./Synth/left_slow/write_checkpoint.log
report_utilization -file ./Synth/left_slow/shift_l_utilization_synth.rpt > ./Synth/left_slow/temp.log
close_project
puts "#HD: Synthesis of module left_slow complete\n"
file mkdir ./Synth
file delete -force ./Synth/right
file mkdir ./Synth/right
puts "#HD: Running synthesis for block right"
create_project -in_memory -part xczu2eg-sfva625-1-e > ./Synth/right/create_project.log
set_property source_mgmt_mode All [current_project]
add_files ./Sources/hdl/right/right.v
synth_design -mode out_of_context -flatten_hierarchy rebuilt -top shift_r -part xczu2eg-sfva625-1-e > ./Synth/right/shift_r_synth_design.rds
write_checkpoint -force ./Synth/right/shift_r_synth.dcp > ./Synth/right/write_checkpoint.log
report_utilization -file ./Synth/right/shift_r_utilization_synth.rpt > ./Synth/right/temp.log
close_project
puts "#HD: Synthesis of module right complete\n"
file mkdir ./Synth
file delete -force ./Synth/right_slow
file mkdir ./Synth/right_slow
puts "#HD: Running synthesis for block right_slow"
create_project -in_memory -part xczu2eg-sfva625-1-e > ./Synth/right_slow/create_project.log
set_property source_mgmt_mode All [current_project]
add_files ./Sources/hdl/right_slow/right_slow.v
synth_design -mode out_of_context -flatten_hierarchy rebuilt -top shift_r -part xczu2eg-sfva625-1-e > ./Synth/right_slow/shift_r_synth_design.rds
write_checkpoint -force ./Synth/right_slow/shift_r_synth.dcp > ./Synth/right_slow/write_checkpoint.log
report_utilization -file ./Synth/right_slow/shift_r_utilization_synth.rpt > ./Synth/right_slow/temp.log
close_project
puts "#HD: Synthesis of module right_slow complete\n"
file mkdir ./Implement
file delete -force ./Implement/Config_left_right_implement
file mkdir ./Implement/Config_left_right_implement
file mkdir ./Implement/Config_left_right_implement/reports
puts "#HD: Running implementation Config_left_right_implement"
create_project -in_memory -part xczu2eg-sfva625-1-e > ./Implement/Config_left_right_implement/create_project.log
add_files ./Synth/Static/top_synth.dcp
add_files ./Sources/xdc/top_interwiser.xdc
set_property USED_IN {implementation} [get_files ./Sources/xdc/top_interwiser.xdc]
add_file ./Synth/left/shift_l_synth.dcp
set_property SCOPED_TO_CELLS {inst_shift_l} [get_files ./Synth/left/shift_l_synth.dcp]
add_file ./Synth/right/shift_r_synth.dcp
set_property SCOPED_TO_CELLS {inst_shift_r} [get_files ./Synth/right/shift_r_synth.dcp]
link_design -mode default -reconfig_partitions {inst_shift_l inst_shift_r} -part xczu2eg-sfva625-1-e -top top > ./Implement/Config_left_right_implement/top_link_design.log
write_checkpoint -force ./Implement/Config_left_right_implement/top_link_design.dcp > ./Implement/Config_left_right_implement/write_checkpoint.log
opt_design > ./Implement/Config_left_right_implement/top_opt_design.log
puts "	#HD: Completed: opt_design"
write_checkpoint -force ./Implement/Config_left_right_implement/top_opt_design.dcp > ./Implement/Config_left_right_implement/write_checkpoint.log
place_design > ./Implement/Config_left_right_implement/top_place_design.log
puts "	#HD: Completed: place_design"
write_checkpoint -force ./Implement/Config_left_right_implement/top_place_design.dcp > ./Implement/Config_left_right_implement/write_checkpoint.log
phys_opt_design > ./Implement/Config_left_right_implement/top_phys_opt_design.log
puts "	#HD: Completed: phys_opt_design"
write_checkpoint -force ./Implement/Config_left_right_implement/top_phys_opt_design.dcp > ./Implement/Config_left_right_implement/write_checkpoint.log
route_design > ./Implement/Config_left_right_implement/top_route_design.log
puts "	#HD: Completed: route_design"
write_checkpoint -force ./Implement/Config_left_right_implement/top_route_design.dcp > ./Implement/Config_left_right_implement/write_checkpoint.log
report_utilization -file ./Implement/Config_left_right_implement/reports/top_utilization_route_design.rpt > ./Implement/Config_left_right_implement/temp.log
report_route_status -file ./Implement/Config_left_right_implement/reports/top_route_status.rpt > ./Implement/Config_left_right_implement/temp.log
report_timing_summary -delay_type min_max -report_unconstrained -check_timing_verbose -max_paths 10 -input_pins -file ./Implement/Config_left_right_implement/reports/top_timing_summary.rpt > ./Implement/Config_left_right_implement/temp.log
debug::report_design_status > ./Implement/Config_left_right_implement/reports/top_design_status.rpt
report_drc -ruledeck bitstream_checks -name top -file ./Implement/Config_left_right_implement/reports/top_drc_bitstream_checks.rpt > ./Implement/Config_left_right_implement/reports/temp.log
file mkdir ./Checkpoint
lock_design -level logical -cell inst_shift_l > ./Implement/Config_left_right_implement/lock_inst_shift_l.log
write_checkpoint -force -cell inst_shift_l ./Implement/Config_left_right_implement/inst_shift_l_left_route_design.dcp > ./Implement/Config_left_right_implement/write_checkpoint.log
file copy -force ./Implement/Config_left_right_implement/inst_shift_l_left_route_design.dcp ./Checkpoint
update_design -cell inst_shift_l -black_box > ./Implement/Config_left_right_implement/carve_inst_shift_l.log
lock_design -level logical -cell inst_shift_r > ./Implement/Config_left_right_implement/lock_inst_shift_r.log
write_checkpoint -force -cell inst_shift_r ./Implement/Config_left_right_implement/inst_shift_r_right_route_design.dcp > ./Implement/Config_left_right_implement/write_checkpoint.log
file copy -force ./Implement/Config_left_right_implement/inst_shift_r_right_route_design.dcp ./Checkpoint
update_design -cell inst_shift_r -black_box > ./Implement/Config_left_right_implement/carve_inst_shift_r.log
lock_design -level routing > ./Implement/Config_left_right_implement/lock_design_top.log
write_checkpoint -force ./Implement/Config_left_right_implement/top_static.dcp > ./Implement/Config_left_right_implement/write_checkpoint.log
file copy -force ./Implement/Config_left_right_implement/top_static.dcp ./Checkpoint
puts "#HD: Implementation Config_left_right_implement complete\n"
close_project
file mkdir ./Implement
file delete -force ./Implement/Config_left_slow_right_slow_import
file mkdir ./Implement/Config_left_slow_right_slow_import
file mkdir ./Implement/Config_left_slow_right_slow_import/reports
puts "#HD: Running implementation Config_left_slow_right_slow_import"
create_project -in_memory -part xczu2eg-sfva625-1-e > ./Implement/Config_left_slow_right_slow_import/create_project.log
add_files ./Checkpoint/top_static.dcp
add_file ./Synth/left_slow/shift_l_synth.dcp
set_property SCOPED_TO_CELLS {inst_shift_l} [get_files ./Synth/left_slow/shift_l_synth.dcp]
add_file ./Synth/right_slow/shift_r_synth.dcp
set_property SCOPED_TO_CELLS {inst_shift_r} [get_files ./Synth/right_slow/shift_r_synth.dcp]
link_design -mode default -reconfig_partitions {inst_shift_l inst_shift_r} -part xczu2eg-sfva625-1-e -top top > ./Implement/Config_left_slow_right_slow_import/top_link_design.log
write_checkpoint -force ./Implement/Config_left_slow_right_slow_import/top_link_design.dcp > ./Implement/Config_left_slow_right_slow_import/write_checkpoint.log
opt_design > ./Implement/Config_left_slow_right_slow_import/top_opt_design.log
puts "	#HD: Completed: opt_design"
write_checkpoint -force ./Implement/Config_left_slow_right_slow_import/top_opt_design.dcp > ./Implement/Config_left_slow_right_slow_import/write_checkpoint.log
place_design > ./Implement/Config_left_slow_right_slow_import/top_place_design.log
puts "	#HD: Completed: place_design"
write_checkpoint -force ./Implement/Config_left_slow_right_slow_import/top_place_design.dcp > ./Implement/Config_left_slow_right_slow_import/write_checkpoint.log
phys_opt_design > ./Implement/Config_left_slow_right_slow_import/top_phys_opt_design.log
puts "	#HD: Completed: phys_opt_design"
write_checkpoint -force ./Implement/Config_left_slow_right_slow_import/top_phys_opt_design.dcp > ./Implement/Config_left_slow_right_slow_import/write_checkpoint.log
route_design > ./Implement/Config_left_slow_right_slow_import/top_route_design.log
puts "	#HD: Completed: route_design"
write_checkpoint -force ./Implement/Config_left_slow_right_slow_import/top_route_design.dcp > ./Implement/Config_left_slow_right_slow_import/write_checkpoint.log
report_utilization -file ./Implement/Config_left_slow_right_slow_import/reports/top_utilization_route_design.rpt > ./Implement/Config_left_slow_right_slow_import/temp.log
report_route_status -file ./Implement/Config_left_slow_right_slow_import/reports/top_route_status.rpt > ./Implement/Config_left_slow_right_slow_import/temp.log
report_timing_summary -delay_type min_max -report_unconstrained -check_timing_verbose -max_paths 10 -input_pins -file ./Implement/Config_left_slow_right_slow_import/reports/top_timing_summary.rpt > ./Implement/Config_left_slow_right_slow_import/temp.log
debug::report_design_status > ./Implement/Config_left_slow_right_slow_import/reports/top_design_status.rpt
report_drc -ruledeck bitstream_checks -name top -file ./Implement/Config_left_slow_right_slow_import/reports/top_drc_bitstream_checks.rpt > ./Implement/Config_left_slow_right_slow_import/reports/temp.log
lock_design -level logical -cell inst_shift_l > ./Implement/Config_left_slow_right_slow_import/lock_inst_shift_l.log
write_checkpoint -force -cell inst_shift_l ./Implement/Config_left_slow_right_slow_import/inst_shift_l_left_slow_route_design.dcp > ./Implement/Config_left_slow_right_slow_import/write_checkpoint.log
file copy -force ./Implement/Config_left_slow_right_slow_import/inst_shift_l_left_slow_route_design.dcp ./Checkpoint
lock_design -level logical -cell inst_shift_r > ./Implement/Config_left_slow_right_slow_import/lock_inst_shift_r.log
write_checkpoint -force -cell inst_shift_r ./Implement/Config_left_slow_right_slow_import/inst_shift_r_right_slow_route_design.dcp > ./Implement/Config_left_slow_right_slow_import/write_checkpoint.log
file copy -force ./Implement/Config_left_slow_right_slow_import/inst_shift_r_right_slow_route_design.dcp ./Checkpoint
puts "#HD: Implementation Config_left_slow_right_slow_import complete\n"
close_project
puts "#HD: Running pr_verify between initial Configuration 'Config_left_slow_right_slow_import' and subsequent configurations 'Config_left_right_implement'"
pr_verify -full_check -initial ./Implement/Config_left_slow_right_slow_import/top_route_design.dcp -additional {./Implement/Config_left_right_implement/top_route_design.dcp} > pr_verify_results.log
file mkdir ./Bitstreams
puts "	#HD: Running write_bitstream on Config_left_slow_right_slow_import"
open_checkpoint ./Implement/Config_left_slow_right_slow_import/top_route_design.dcp > ./Bitstreams/open_checkpoint_Config_left_slow_right_slow_import.log
write_bitstream -force  ./Bitstreams/Config_left_slow_right_slow_import_full -no_partial_bitfile > ./Bitstreams/Config_left_slow_right_slow_import_full.log
write_bitstream -force  -cell inst_shift_l ./Bitstreams/pblock_inst_shift_l_left_slow_partial > ./Bitstreams/pblock_inst_shift_l_left_slow_partial.log
write_bitstream -force  -cell inst_shift_r ./Bitstreams/pblock_inst_shift_r_right_slow_partial > ./Bitstreams/pblock_inst_shift_r_right_slow_partial.log
close_project > ./Bitstreams/temp.log
puts "	#HD: Running write_bitstream on Config_left_right_implement"
open_checkpoint ./Implement/Config_left_right_implement/top_route_design.dcp > ./Bitstreams/open_checkpoint_Config_left_right_implement.log
write_bitstream -force  ./Bitstreams/Config_left_right_implement_full -no_partial_bitfile > ./Bitstreams/Config_left_right_implement_full.log
write_bitstream -force  -cell inst_shift_l ./Bitstreams/pblock_inst_shift_l_left_partial > ./Bitstreams/pblock_inst_shift_l_left_partial.log
write_bitstream -force  -cell inst_shift_r ./Bitstreams/pblock_inst_shift_r_right_partial > ./Bitstreams/pblock_inst_shift_r_right_partial.log
close_project > ./Bitstreams/temp.log
