	#HD: Parsing log file "./Synth/Static/create_project.log":


	#HD: Parsing log file "./Synth/Static/top_synth_design.rds":
	CRITICAL WARNING: [Project 1-486] Could not resolve non-primitive black box cell 'shift_l' instantiated as 'inst_shift_l' [/home/ict/led_shift_right_left/Sources/hdl/top/top.v:11]
	CRITICAL WARNING: [Project 1-486] Could not resolve non-primitive black box cell 'shift_r' instantiated as 'inst_shift_r' [/home/ict/led_shift_right_left/Sources/hdl/top/top.v:19]


	#HD: Parsing log file "./Synth/Static/write_checkpoint.log":


	#HD: Parsing log file "./Synth/Static/temp.log":


	#HD: Parsing log file "./Synth/left/create_project.log":


	#HD: Parsing log file "./Synth/left/shift_l_synth_design.rds":


	#HD: Parsing log file "./Synth/left/write_checkpoint.log":


	#HD: Parsing log file "./Synth/left/temp.log":


	#HD: Parsing log file "./Synth/left_slow/create_project.log":


	#HD: Parsing log file "./Synth/left_slow/shift_l_synth_design.rds":


	#HD: Parsing log file "./Synth/left_slow/write_checkpoint.log":


	#HD: Parsing log file "./Synth/left_slow/temp.log":


	#HD: Parsing log file "./Synth/right/create_project.log":


	#HD: Parsing log file "./Synth/right/shift_r_synth_design.rds":


	#HD: Parsing log file "./Synth/right/write_checkpoint.log":


	#HD: Parsing log file "./Synth/right/temp.log":


	#HD: Parsing log file "./Synth/right_slow/create_project.log":


	#HD: Parsing log file "./Synth/right_slow/shift_r_synth_design.rds":


	#HD: Parsing log file "./Synth/right_slow/write_checkpoint.log":


	#HD: Parsing log file "./Synth/right_slow/temp.log":


	#HD: Parsing log file "./Implement/Config_left_right_implement/create_project.log":


	#HD: Parsing log file "./Implement/Config_left_right_implement/top_link_design.log":


	#HD: Parsing log file "./Implement/Config_left_right_implement/write_checkpoint.log":


	#HD: Parsing log file "./Implement/Config_left_right_implement/top_opt_design.log":


	#HD: Parsing log file "./Implement/Config_left_right_implement/write_checkpoint.log":


	#HD: Parsing log file "./Implement/Config_left_right_implement/top_place_design.log":


	#HD: Parsing log file "./Implement/Config_left_right_implement/write_checkpoint.log":


	#HD: Parsing log file "./Implement/Config_left_right_implement/top_phys_opt_design.log":


	#HD: Parsing log file "./Implement/Config_left_right_implement/write_checkpoint.log":


	#HD: Parsing log file "./Implement/Config_left_right_implement/top_route_design.log":


	#HD: Parsing log file "./Implement/Config_left_right_implement/write_checkpoint.log":


	#HD: Parsing log file "./Implement/Config_left_right_implement/temp.log":


	#HD: Parsing log file "./Implement/Config_left_right_implement/temp.log":


	#HD: Parsing log file "./Implement/Config_left_right_implement/temp.log":


	#HD: Parsing log file "./Implement/Config_left_right_implement/reports/top_design_status.rpt":


	#HD: Parsing log file "./Implement/Config_left_right_implement/reports/temp.log":


	#HD: Parsing log file "./Implement/Config_left_right_implement/lock_inst_shift_l.log":


	#HD: Parsing log file "./Implement/Config_left_right_implement/write_checkpoint.log":


	#HD: Parsing log file "./Implement/Config_left_right_implement/carve_inst_shift_l.log":


	#HD: Parsing log file "./Implement/Config_left_right_implement/lock_inst_shift_r.log":


	#HD: Parsing log file "./Implement/Config_left_right_implement/write_checkpoint.log":


	#HD: Parsing log file "./Implement/Config_left_right_implement/carve_inst_shift_r.log":


	#HD: Parsing log file "./Implement/Config_left_right_implement/lock_design_top.log":


	#HD: Parsing log file "./Implement/Config_left_right_implement/write_checkpoint.log":


	#HD: Parsing log file "./Implement/Config_left_slow_right_slow_import/create_project.log":


	#HD: Parsing log file "./Implement/Config_left_slow_right_slow_import/top_link_design.log":


	#HD: Parsing log file "./Implement/Config_left_slow_right_slow_import/write_checkpoint.log":


	#HD: Parsing log file "./Implement/Config_left_slow_right_slow_import/top_opt_design.log":


	#HD: Parsing log file "./Implement/Config_left_slow_right_slow_import/write_checkpoint.log":


	#HD: Parsing log file "./Implement/Config_left_slow_right_slow_import/top_place_design.log":


	#HD: Parsing log file "./Implement/Config_left_slow_right_slow_import/write_checkpoint.log":


	#HD: Parsing log file "./Implement/Config_left_slow_right_slow_import/top_phys_opt_design.log":


	#HD: Parsing log file "./Implement/Config_left_slow_right_slow_import/write_checkpoint.log":


	#HD: Parsing log file "./Implement/Config_left_slow_right_slow_import/top_route_design.log":


	#HD: Parsing log file "./Implement/Config_left_slow_right_slow_import/write_checkpoint.log":


	#HD: Parsing log file "./Implement/Config_left_slow_right_slow_import/temp.log":


	#HD: Parsing log file "./Implement/Config_left_slow_right_slow_import/temp.log":


	#HD: Parsing log file "./Implement/Config_left_slow_right_slow_import/temp.log":


	#HD: Parsing log file "./Implement/Config_left_slow_right_slow_import/reports/top_design_status.rpt":


	#HD: Parsing log file "./Implement/Config_left_slow_right_slow_import/reports/temp.log":


	#HD: Parsing log file "./Implement/Config_left_slow_right_slow_import/lock_inst_shift_l.log":


	#HD: Parsing log file "./Implement/Config_left_slow_right_slow_import/write_checkpoint.log":


	#HD: Parsing log file "./Implement/Config_left_slow_right_slow_import/lock_inst_shift_r.log":


	#HD: Parsing log file "./Implement/Config_left_slow_right_slow_import/write_checkpoint.log":


	#HD: Parsing log file "pr_verify_results.log":


	#HD: Parsing log file "./Bitstreams/open_checkpoint_Config_left_slow_right_slow_import.log":


	#HD: Parsing log file "./Bitstreams/Config_left_slow_right_slow_import_full.log":


	#HD: Parsing log file "./Bitstreams/pblock_inst_shift_l_left_slow_partial.log":


	#HD: Parsing log file "./Bitstreams/pblock_inst_shift_r_right_slow_partial.log":


	#HD: Parsing log file "./Bitstreams/temp.log":


	#HD: Parsing log file "./Bitstreams/open_checkpoint_Config_left_right_implement.log":


	#HD: Parsing log file "./Bitstreams/Config_left_right_implement_full.log":


	#HD: Parsing log file "./Bitstreams/pblock_inst_shift_l_left_partial.log":


	#HD: Parsing log file "./Bitstreams/pblock_inst_shift_r_right_partial.log":


	#HD: Parsing log file "./Bitstreams/temp.log":


