	#HD: Parsing log file "./Implement/Config_left_right_implement/create_project.log":


	#HD: Parsing log file "./Implement/Config_left_right_implement/top_link_design.log":


	#HD: Parsing log file "./Implement/Config_left_right_implement/write_checkpoint.log":


	#HD: Parsing log file "./Implement/Config_left_right_implement/top_opt_design.log":


	#HD: Parsing log file "./Implement/Config_left_right_implement/write_checkpoint.log":


	#HD: Parsing log file "./Implement/Config_left_right_implement/top_place_design.log":


	#HD: Parsing log file "./Implement/Config_left_right_implement/write_checkpoint.log":


	#HD: Parsing log file "./Implement/Config_left_right_implement/top_phys_opt_design.log":


	#HD: Parsing log file "./Implement/Config_left_right_implement/write_checkpoint.log":


	#HD: Parsing log file "./Implement/Config_left_right_implement/top_route_design.log":


	#HD: Parsing log file "./Implement/Config_left_right_implement/write_checkpoint.log":


	#HD: Parsing log file "./Implement/Config_left_right_implement/temp.log":


	#HD: Parsing log file "./Implement/Config_left_right_implement/temp.log":


	#HD: Parsing log file "./Implement/Config_left_right_implement/temp.log":


	#HD: Parsing log file "./Implement/Config_left_right_implement/reports/top_design_status.rpt":


	#HD: Parsing log file "./Implement/Config_left_right_implement/reports/temp.log":


	#HD: Parsing log file "./Implement/Config_left_right_implement/lock_inst_shift_l.log":


	#HD: Parsing log file "./Implement/Config_left_right_implement/write_checkpoint.log":


	#HD: Parsing log file "./Implement/Config_left_right_implement/carve_inst_shift_l.log":


	#HD: Parsing log file "./Implement/Config_left_right_implement/lock_inst_shift_r.log":


	#HD: Parsing log file "./Implement/Config_left_right_implement/write_checkpoint.log":


	#HD: Parsing log file "./Implement/Config_left_right_implement/carve_inst_shift_r.log":


	#HD: Parsing log file "./Implement/Config_left_right_implement/lock_design_top.log":


	#HD: Parsing log file "./Implement/Config_left_right_implement/write_checkpoint.log":


