Command: place_design
Attempting to get a license for feature 'Implementation' and/or device 'xczu2eg'
INFO: [Common 17-349] Got license for feature 'Implementation' and/or device 'xczu2eg'
INFO: [DRC 23-27] Running DRC with 4 threads
INFO: [Vivado_Tcl 4-198] DRC finished with 0 Errors
INFO: [Vivado_Tcl 4-199] Please refer to the DRC report (report_drc) for more information.
Running DRC as a precondition to command place_design
INFO: [DRC 23-27] Running DRC with 4 threads
INFO: [Vivado_Tcl 4-198] DRC finished with 0 Errors
INFO: [Vivado_Tcl 4-199] Please refer to the DRC report (report_drc) for more information.

Starting Placer Task
INFO: [Place 30-611] Multithreading enabled for place_design using a maximum of 4 CPUs

Phase 1 Placer Initialization

Phase 1.1 Placer Initialization Netlist Sorting
Netlist sorting complete. Time (s): cpu = 00:00:00 ; elapsed = 00:00:00 . Memory (MB): peak = 2442.598 ; gain = 0.000 ; free physical = 1400 ; free virtual = 6402
Phase 1.1 Placer Initialization Netlist Sorting | Checksum: 102c29da3

Time (s): cpu = 00:00:00.01 ; elapsed = 00:00:00.05 . Memory (MB): peak = 2442.598 ; gain = 0.000 ; free physical = 1400 ; free virtual = 6402
Netlist sorting complete. Time (s): cpu = 00:00:00 ; elapsed = 00:00:00 . Memory (MB): peak = 2442.598 ; gain = 0.000 ; free physical = 1400 ; free virtual = 6402

Phase 1.2 IO Placement/ Clock Placement/ Build Placer Device
INFO: [Timing 38-35] Done setting XDC timing constraints.
Phase 1.2 IO Placement/ Clock Placement/ Build Placer Device | Checksum: 8319ad52

Time (s): cpu = 00:00:41 ; elapsed = 00:01:01 . Memory (MB): peak = 3607.410 ; gain = 1164.812 ; free physical = 422 ; free virtual = 5509

Phase 1.3 Build Placer Netlist Model
Phase 1.3 Build Placer Netlist Model | Checksum: 10b4cddd7

Time (s): cpu = 00:00:43 ; elapsed = 00:01:04 . Memory (MB): peak = 3631.422 ; gain = 1188.824 ; free physical = 403 ; free virtual = 5493

Phase 1.4 Constrain Clocks/Macros
Phase 1.4 Constrain Clocks/Macros | Checksum: 10b4cddd7

Time (s): cpu = 00:00:43 ; elapsed = 00:01:04 . Memory (MB): peak = 3631.422 ; gain = 1188.824 ; free physical = 403 ; free virtual = 5493
Phase 1 Placer Initialization | Checksum: 10b4cddd7

Time (s): cpu = 00:00:43 ; elapsed = 00:01:04 . Memory (MB): peak = 3631.422 ; gain = 1188.824 ; free physical = 403 ; free virtual = 5493

Phase 2 Global Placement

Phase 2.1 Floorplanning
Phase 2.1 Floorplanning | Checksum: 15a6a16d9

Time (s): cpu = 00:00:43 ; elapsed = 00:01:04 . Memory (MB): peak = 3634.434 ; gain = 1191.836 ; free physical = 396 ; free virtual = 5486

Phase 2.2 Physical Synthesis In Placer
INFO: [Physopt 32-65] No nets found for high-fanout optimization.
INFO: [Physopt 32-232] Optimized 0 net. Created 0 new instance.
INFO: [Physopt 32-775] End 1 Pass. Optimized 0 net or cell. Created 0 new cell, deleted 0 existing cell and moved 0 existing cell
INFO: [Physopt 32-670] No setup violation found.  DSP Register Optimization was not performed.
INFO: [Physopt 32-670] No setup violation found.  Shift Register Optimization was not performed.
INFO: [Physopt 32-670] No setup violation found.  BRAM Register Optimization was not performed.
INFO: [Physopt 32-949] No candidate nets found for HD net replication
INFO: [Physopt 32-775] End 1 Pass. Optimized 0 net or cell. Created 0 new cell, deleted 0 existing cell and moved 0 existing cell
Netlist sorting complete. Time (s): cpu = 00:00:00 ; elapsed = 00:00:00 . Memory (MB): peak = 3650.441 ; gain = 0.000 ; free physical = 388 ; free virtual = 5479

Summary of Physical Synthesis Optimizations
============================================


----------------------------------------------------------------------------------------------------------------------------------------
|  Optimization                  |  Added Cells  |  Removed Cells  |  Optimized Cells/Nets  |  Dont Touch  |  Iterations  |  Elapsed   |
----------------------------------------------------------------------------------------------------------------------------------------
|  Very High Fanout              |            0  |              0  |                     0  |           0  |           1  |  00:00:00  |
|  DSP Register                  |            0  |              0  |                     0  |           0  |           0  |  00:00:00  |
|  Shift Register                |            0  |              0  |                     0  |           0  |           0  |  00:00:00  |
|  BRAM Register                 |            0  |              0  |                     0  |           0  |           0  |  00:00:00  |
|  HD Interface Net Replication  |            0  |              0  |                     0  |           0  |           1  |  00:00:00  |
|  Total                         |            0  |              0  |                     0  |           0  |           2  |  00:00:00  |
----------------------------------------------------------------------------------------------------------------------------------------


Phase 2.2 Physical Synthesis In Placer | Checksum: 8e46583d

Time (s): cpu = 00:00:44 ; elapsed = 00:01:05 . Memory (MB): peak = 3650.441 ; gain = 1207.844 ; free physical = 388 ; free virtual = 5479
Phase 2 Global Placement | Checksum: 5cc9cb08

Time (s): cpu = 00:00:44 ; elapsed = 00:01:05 . Memory (MB): peak = 3650.441 ; gain = 1207.844 ; free physical = 388 ; free virtual = 5478

Phase 3 Detail Placement

Phase 3.1 Commit Multi Column Macros
Phase 3.1 Commit Multi Column Macros | Checksum: 5cc9cb08

Time (s): cpu = 00:00:44 ; elapsed = 00:01:05 . Memory (MB): peak = 3650.441 ; gain = 1207.844 ; free physical = 388 ; free virtual = 5478

Phase 3.2 Commit Most Macros & LUTRAMs
Phase 3.2 Commit Most Macros & LUTRAMs | Checksum: 1a7dff25e

Time (s): cpu = 00:00:44 ; elapsed = 00:01:05 . Memory (MB): peak = 3650.441 ; gain = 1207.844 ; free physical = 388 ; free virtual = 5478

Phase 3.3 Area Swap Optimization
Phase 3.3 Area Swap Optimization | Checksum: 159a0e1ed

Time (s): cpu = 00:00:44 ; elapsed = 00:01:05 . Memory (MB): peak = 3650.441 ; gain = 1207.844 ; free physical = 388 ; free virtual = 5478

Phase 3.4 Small Shape Clustering
Phase 3.4 Small Shape Clustering | Checksum: 12a6fd827

Time (s): cpu = 00:00:44 ; elapsed = 00:01:05 . Memory (MB): peak = 3650.441 ; gain = 1207.844 ; free physical = 386 ; free virtual = 5476

Phase 3.5 Flow Legalize Slice Clusters
Phase 3.5 Flow Legalize Slice Clusters | Checksum: 117196e3b

Time (s): cpu = 00:00:44 ; elapsed = 00:01:05 . Memory (MB): peak = 3650.441 ; gain = 1207.844 ; free physical = 386 ; free virtual = 5476

Phase 3.6 Slice Area Swap
Phase 3.6 Slice Area Swap | Checksum: 19323b4ad

Time (s): cpu = 00:00:44 ; elapsed = 00:01:05 . Memory (MB): peak = 3650.441 ; gain = 1207.844 ; free physical = 382 ; free virtual = 5472

Phase 3.7 Commit Slice Clusters
Phase 3.7 Commit Slice Clusters | Checksum: 180932958

Time (s): cpu = 00:00:45 ; elapsed = 00:01:05 . Memory (MB): peak = 3650.441 ; gain = 1207.844 ; free physical = 385 ; free virtual = 5476

Phase 3.8 Place Remaining
Phase 3.8 Place Remaining | Checksum: 1654bc9ed

Time (s): cpu = 00:00:45 ; elapsed = 00:01:05 . Memory (MB): peak = 3650.441 ; gain = 1207.844 ; free physical = 385 ; free virtual = 5476

Phase 3.9 Re-assign LUT pins
Phase 3.9 Re-assign LUT pins | Checksum: 1654bc9ed

Time (s): cpu = 00:00:45 ; elapsed = 00:01:05 . Memory (MB): peak = 3650.441 ; gain = 1207.844 ; free physical = 385 ; free virtual = 5476

Phase 3.10 Pipeline Register Optimization
Phase 3.10 Pipeline Register Optimization | Checksum: 1654bc9ed

Time (s): cpu = 00:00:45 ; elapsed = 00:01:05 . Memory (MB): peak = 3650.441 ; gain = 1207.844 ; free physical = 385 ; free virtual = 5476
Phase 3 Detail Placement | Checksum: 1654bc9ed

Time (s): cpu = 00:00:45 ; elapsed = 00:01:05 . Memory (MB): peak = 3650.441 ; gain = 1207.844 ; free physical = 385 ; free virtual = 5476

Phase 4 Post Placement Optimization and Clean-Up

Phase 4.1 Post Commit Optimization
INFO: [Timing 38-35] Done setting XDC timing constraints.

Phase 4.1.1 Post Placement Optimization
Post Placement Optimization Initialization | Checksum: 12206d2c0

Phase 4.1.1.1 BUFG Insertion
INFO: [Place 46-46] BUFG insertion identified 0 candidate nets, 0 success, 0 bufg driver replicated, 0 skipped for placement/routing, 0 skipped for timing, 0 skipped for netlist change reason
Phase 4.1.1.1 BUFG Insertion | Checksum: 12206d2c0

Time (s): cpu = 00:00:45 ; elapsed = 00:01:05 . Memory (MB): peak = 3650.441 ; gain = 1207.844 ; free physical = 384 ; free virtual = 5475
INFO: [Place 30-746] Post Placement Timing Summary WNS=17.962. For the most accurate timing information please run report_timing.
Phase 4.1.1 Post Placement Optimization | Checksum: 178ca05f3

Time (s): cpu = 00:00:45 ; elapsed = 00:01:05 . Memory (MB): peak = 3650.441 ; gain = 1207.844 ; free physical = 384 ; free virtual = 5475
Phase 4.1 Post Commit Optimization | Checksum: 178ca05f3

Time (s): cpu = 00:00:45 ; elapsed = 00:01:05 . Memory (MB): peak = 3650.441 ; gain = 1207.844 ; free physical = 384 ; free virtual = 5475

Phase 4.2 Post Placement Cleanup
Phase 4.2 Post Placement Cleanup | Checksum: 178ca05f3

Time (s): cpu = 00:00:45 ; elapsed = 00:01:05 . Memory (MB): peak = 3650.441 ; gain = 1207.844 ; free physical = 384 ; free virtual = 5475
Netlist sorting complete. Time (s): cpu = 00:00:00 ; elapsed = 00:00:00 . Memory (MB): peak = 3650.441 ; gain = 0.000 ; free physical = 377 ; free virtual = 5467

Phase 4.3 Placer Reporting
Phase 4.3 Placer Reporting | Checksum: 1d7b1b1cc

Time (s): cpu = 00:00:48 ; elapsed = 00:01:08 . Memory (MB): peak = 3650.441 ; gain = 1207.844 ; free physical = 377 ; free virtual = 5467

Phase 4.4 Final Placement Cleanup
Netlist sorting complete. Time (s): cpu = 00:00:00 ; elapsed = 00:00:00 . Memory (MB): peak = 3650.441 ; gain = 0.000 ; free physical = 377 ; free virtual = 5467
Phase 4.4 Final Placement Cleanup | Checksum: 1d7b1b1cc

Time (s): cpu = 00:00:48 ; elapsed = 00:01:08 . Memory (MB): peak = 3650.441 ; gain = 1207.844 ; free physical = 377 ; free virtual = 5467
Phase 4 Post Placement Optimization and Clean-Up | Checksum: 1d7b1b1cc

Time (s): cpu = 00:00:48 ; elapsed = 00:01:08 . Memory (MB): peak = 3650.441 ; gain = 1207.844 ; free physical = 377 ; free virtual = 5467
Ending Placer Task | Checksum: 152e1a3dd

Time (s): cpu = 00:00:48 ; elapsed = 00:01:08 . Memory (MB): peak = 3650.441 ; gain = 1207.844 ; free physical = 388 ; free virtual = 5479
INFO: [Common 17-83] Releasing license: Implementation
59 Infos, 0 Warnings, 0 Critical Warnings and 0 Errors encountered.
place_design completed successfully
place_design: Time (s): cpu = 00:00:50 ; elapsed = 00:01:10 . Memory (MB): peak = 3650.441 ; gain = 1207.844 ; free physical = 388 ; free virtual = 5479
