	#HD: Parsing log file "./Implement/Config_left_slow_right_slow_import/create_project.log":


	#HD: Parsing log file "./Implement/Config_left_slow_right_slow_import/top_link_design.log":


	#HD: Parsing log file "./Implement/Config_left_slow_right_slow_import/write_checkpoint.log":


	#HD: Parsing log file "./Implement/Config_left_slow_right_slow_import/top_opt_design.log":


	#HD: Parsing log file "./Implement/Config_left_slow_right_slow_import/write_checkpoint.log":


	#HD: Parsing log file "./Implement/Config_left_slow_right_slow_import/top_place_design.log":


	#HD: Parsing log file "./Implement/Config_left_slow_right_slow_import/write_checkpoint.log":


	#HD: Parsing log file "./Implement/Config_left_slow_right_slow_import/top_phys_opt_design.log":


	#HD: Parsing log file "./Implement/Config_left_slow_right_slow_import/write_checkpoint.log":


	#HD: Parsing log file "./Implement/Config_left_slow_right_slow_import/top_route_design.log":


	#HD: Parsing log file "./Implement/Config_left_slow_right_slow_import/write_checkpoint.log":


	#HD: Parsing log file "./Implement/Config_left_slow_right_slow_import/temp.log":


	#HD: Parsing log file "./Implement/Config_left_slow_right_slow_import/temp.log":


	#HD: Parsing log file "./Implement/Config_left_slow_right_slow_import/temp.log":


	#HD: Parsing log file "./Implement/Config_left_slow_right_slow_import/reports/top_design_status.rpt":


	#HD: Parsing log file "./Implement/Config_left_slow_right_slow_import/reports/temp.log":


	#HD: Parsing log file "./Implement/Config_left_slow_right_slow_import/lock_inst_shift_l.log":


	#HD: Parsing log file "./Implement/Config_left_slow_right_slow_import/write_checkpoint.log":


	#HD: Parsing log file "./Implement/Config_left_slow_right_slow_import/lock_inst_shift_r.log":


	#HD: Parsing log file "./Implement/Config_left_slow_right_slow_import/write_checkpoint.log":


