Command: write_bitstream -force -cell inst_shift_l ./Bitstreams/pblock_inst_shift_l_left_partial
Attempting to get a license for feature 'Implementation' and/or device 'xczu2eg'
INFO: [Common 17-349] Got license for feature 'Implementation' and/or device 'xczu2eg'
Running DRC as a precondition to command write_bitstream
INFO: [IP_Flow 19-1839] IP Catalog is up to date.
INFO: [DRC 23-27] Running DRC with 4 threads
WARNING: [DRC REQP-1766] RAMB36E2_DOx_REG_0_incompatible_with_REGCEx_RSTREGx_use: The RAMB36E2 cell inst_shift_l/RAMB36_inst has DOA_REG set to 0. The REGCEAREGCE and RSTREGARSTREG pins should not be connected to active signal.
WARNING: [DRC REQP-1766] RAMB36E2_DOx_REG_0_incompatible_with_REGCEx_RSTREGx_use: The RAMB36E2 cell inst_shift_r/RAMB36_inst has DOA_REG set to 0. The REGCEAREGCE and RSTREGARSTREG pins should not be connected to active signal.
INFO: [Vivado 12-3199] DRC finished with 0 Errors, 2 Warnings
INFO: [Vivado 12-3200] Please refer to the DRC report (report_drc) for more information.
Partition "pblock_inst_shift_l" Reconfigurable Module "inst_shift_l"
Partition "pblock_inst_shift_r" Reconfigurable Module "inst_shift_r"
INFO: [Vivado 12-4077] No full design bitstream will be created with the use of the -cell option.
Process Partition "pblock_inst_shift_l"
INFO: [Designutils 20-2272] Running write_bitstream with 4 threads.
Loading data files...
Loading site data...
Loading route data...
Processing options...
Creating bitmap...
Creating bitstream...
Partial bitstream contains 6162816 bits.
Writing bitstream ./Bitstreams/pblock_inst_shift_l_left_partial.bit...
INFO: [Vivado 12-1842] Bitgen Completed Successfully.
INFO: [Project 1-120] WebTalk data collection is mandatory when using a WebPACK part without a full Vivado license. To see the specific WebTalk data collected for your design, open the usage_statistics_webtalk.html or usage_statistics_webtalk.xml file in the implementation directory.
INFO: [Common 17-83] Releasing license: Implementation
76 Infos, 10 Warnings, 0 Critical Warnings and 0 Errors encountered.
write_bitstream completed successfully
write_bitstream: Time (s): cpu = 00:00:13 ; elapsed = 00:00:11 . Memory (MB): peak = 3732.145 ; gain = 0.000 ; free physical = 494 ; free virtual = 5366
